2026-05-07 15:21:12.739 [main] INFO  c.f.d.DevOpsObservabilityApplication - Starting DevOpsObservabilityApplication using Java 17.0.15 with PID 64764 (C:\Users\Wipro\CascadeProjects\FullCycleDevOps\api\target\classes started by Wipro in C:\Users\Wipro\CascadeProjects\FullCycleDevOps\api)
2026-05-07 15:21:12.743 [main] INFO  c.f.d.DevOpsObservabilityApplication - No active profile set, falling back to 1 default profile: "default"
2026-05-07 15:21:15.150 [main] INFO  o.s.d.r.c.RepositoryConfigurationDelegate - Bootstrapping Spring Data MongoDB repositories in DEFAULT mode.
2026-05-07 15:21:15.341 [main] INFO  o.s.d.r.c.RepositoryConfigurationDelegate - Finished Spring Data repository scanning in 175 ms. Found 1 MongoDB repository interface.
2026-05-07 15:21:16.748 [main] INFO  o.s.b.w.e.tomcat.TomcatWebServer - Tomcat initialized with port 8080 (http)
2026-05-07 15:21:16.789 [main] INFO  o.a.catalina.core.StandardService - Starting service [Tomcat]
2026-05-07 15:21:16.792 [main] INFO  o.a.catalina.core.StandardEngine - Starting Servlet engine: [Apache Tomcat/10.1.20]
2026-05-07 15:21:17.010 [main] INFO  o.a.c.c.C.[Tomcat].[localhost].[/] - Initializing Spring embedded WebApplicationContext
2026-05-07 15:21:17.012 [main] INFO  o.s.b.w.s.c.ServletWebServerApplicationContext - Root WebApplicationContext: initialization completed in 4135 ms
2026-05-07 15:21:17.236 [main] DEBUG i.o.sdk.internal.JavaVersionSpecific - Using the APIs optimized for: Java 9+
2026-05-07 15:21:17.867 [main] DEBUG o.s.w.f.ServerHttpObservationFilter - Filter 'webMvcObservationFilter' configured for use
2026-05-07 15:21:18.010 [main] WARN  o.s.b.w.s.c.AnnotationConfigServletWebServerApplicationContext - Exception encountered during context initialization - cancelling refresh attempt: org.springframework.beans.factory.BeanCreationException: Error creating bean with name 'itemController' defined in file [C:\Users\Wipro\CascadeProjects\FullCycleDevOps\api\target\classes\com\fullcycle\devops\controller\ItemController.class]: Failed to instantiate [com.fullcycle.devops.controller.ItemController]: No default constructor found
2026-05-07 15:21:18.015 [main] INFO  i.o.sdk.trace.SdkTracerProvider - Calling shutdown() multiple times.
2026-05-07 15:21:18.039 [main] INFO  o.a.catalina.core.StandardService - Stopping service [Tomcat]
2026-05-07 15:21:18.071 [main] WARN  o.a.c.loader.WebappClassLoaderBase - The web application [ROOT] appears to have started a thread named [BatchSpanProcessor_WorkerThread-1] but has failed to stop it. This is very likely to create a memory leak. Stack trace of thread:
 java.base@17.0.15/jdk.internal.misc.Unsafe.park(Native Method)
 java.base@17.0.15/java.util.concurrent.locks.LockSupport.parkNanos(LockSupport.java:252)
 java.base@17.0.15/java.util.concurrent.locks.AbstractQueuedSynchronizer$ConditionObject.awaitNanos(AbstractQueuedSynchronizer.java:1679)
 java.base@17.0.15/java.util.concurrent.ArrayBlockingQueue.poll(ArrayBlockingQueue.java:435)
 app//io.opentelemetry.sdk.trace.export.BatchSpanProcessor$Worker.run(BatchSpanProcessor.java:253)
 java.base@17.0.15/java.lang.Thread.run(Thread.java:840)
2026-05-07 15:21:18.328 [main] INFO  o.s.b.a.l.ConditionEvaluationReportLogger - 

Error starting ApplicationContext. To display the condition evaluation report re-run your application with 'debug' enabled.
2026-05-07 15:21:18.486 [main] ERROR o.s.boot.SpringApplication - Application run failed
org.springframework.beans.factory.BeanCreationException: Error creating bean with name 'itemController' defined in file [C:\Users\Wipro\CascadeProjects\FullCycleDevOps\api\target\classes\com\fullcycle\devops\controller\ItemController.class]: Failed to instantiate [com.fullcycle.devops.controller.ItemController]: No default constructor found
	at org.springframework.beans.factory.support.AbstractAutowireCapableBeanFactory.instantiateBean(AbstractAutowireCapableBeanFactory.java:1317)
	at org.springframework.beans.factory.support.AbstractAutowireCapableBeanFactory.createBeanInstance(AbstractAutowireCapableBeanFactory.java:1202)
	at org.springframework.beans.factory.support.AbstractAutowireCapableBeanFactory.doCreateBean(AbstractAutowireCapableBeanFactory.java:562)
	at org.springframework.beans.factory.support.AbstractAutowireCapableBeanFactory.createBean(AbstractAutowireCapableBeanFactory.java:522)
	at org.springframework.beans.factory.support.AbstractBeanFactory.lambda$doGetBean$0(AbstractBeanFactory.java:326)
	at org.springframework.beans.factory.support.DefaultSingletonBeanRegistry.getSingleton(DefaultSingletonBeanRegistry.java:234)
	at org.springframework.beans.factory.support.AbstractBeanFactory.doGetBean(AbstractBeanFactory.java:324)
	at org.springframework.beans.factory.support.AbstractBeanFactory.getBean(AbstractBeanFactory.java:200)
	at org.springframework.beans.factory.support.DefaultListableBeanFactory.preInstantiateSingletons(DefaultListableBeanFactory.java:975)
	at org.springframework.context.support.AbstractApplicationContext.finishBeanFactoryInitialization(AbstractApplicationContext.java:962)
	at org.springframework.context.support.AbstractApplicationContext.refresh(AbstractApplicationContext.java:624)
	at org.springframework.boot.web.servlet.context.ServletWebServerApplicationContext.refresh(ServletWebServerApplicationContext.java:146)
	at org.springframework.boot.SpringApplication.refresh(SpringApplication.java:754)
	at org.springframework.boot.SpringApplication.refreshContext(SpringApplication.java:456)
	at org.springframework.boot.SpringApplication.run(SpringApplication.java:334)
	at org.springframework.boot.SpringApplication.run(SpringApplication.java:1354)
	at org.springframework.boot.SpringApplication.run(SpringApplication.java:1343)
	at com.fullcycle.devops.DevOpsObservabilityApplication.main(DevOpsObservabilityApplication.java:10)
Caused by: org.springframework.beans.BeanInstantiationException: Failed to instantiate [com.fullcycle.devops.controller.ItemController]: No default constructor found
	at org.springframework.beans.factory.support.SimpleInstantiationStrategy.instantiate(SimpleInstantiationStrategy.java:84)
	at org.springframework.beans.factory.support.AbstractAutowireCapableBeanFactory.instantiateBean(AbstractAutowireCapableBeanFactory.java:1311)
	... 17 common frames omitted
Caused by: java.lang.NoSuchMethodException: com.fullcycle.devops.controller.ItemController.<init>()
	at java.base/java.lang.Class.getConstructor0(Class.java:3585)
	at java.base/java.lang.Class.getDeclaredConstructor(Class.java:2754)
	at org.springframework.beans.factory.support.SimpleInstantiationStrategy.instantiate(SimpleInstantiationStrategy.java:80)
	... 18 common frames omitted
2026-05-07 15:28:14.572 [main] INFO  c.f.d.DevOpsObservabilityApplication - Starting DevOpsObservabilityApplication using Java 17.0.15 with PID 24372 (C:\Users\Wipro\CascadeProjects\FullCycleDevOps\api\target\classes started by Wipro in C:\Users\Wipro\CascadeProjects\FullCycleDevOps\api)
2026-05-07 15:28:14.578 [main] INFO  c.f.d.DevOpsObservabilityApplication - No active profile set, falling back to 1 default profile: "default"
2026-05-07 15:28:17.178 [main] INFO  o.s.d.r.c.RepositoryConfigurationDelegate - Bootstrapping Spring Data MongoDB repositories in DEFAULT mode.
2026-05-07 15:28:17.366 [main] INFO  o.s.d.r.c.RepositoryConfigurationDelegate - Finished Spring Data repository scanning in 171 ms. Found 1 MongoDB repository interface.
2026-05-07 15:28:18.814 [main] INFO  o.s.b.w.e.tomcat.TomcatWebServer - Tomcat initialized with port 8080 (http)
2026-05-07 15:28:18.856 [main] INFO  o.a.catalina.core.StandardService - Starting service [Tomcat]
2026-05-07 15:28:18.857 [main] INFO  o.a.catalina.core.StandardEngine - Starting Servlet engine: [Apache Tomcat/10.1.20]
2026-05-07 15:28:19.101 [main] INFO  o.a.c.c.C.[Tomcat].[localhost].[/] - Initializing Spring embedded WebApplicationContext
2026-05-07 15:28:19.102 [main] INFO  o.s.b.w.s.c.ServletWebServerApplicationContext - Root WebApplicationContext: initialization completed in 4386 ms
2026-05-07 15:28:19.390 [main] DEBUG i.o.sdk.internal.JavaVersionSpecific - Using the APIs optimized for: Java 9+
2026-05-07 15:28:19.888 [main] DEBUG o.s.w.f.ServerHttpObservationFilter - Filter 'webMvcObservationFilter' configured for use
2026-05-07 15:28:20.424 [main] INFO  org.mongodb.driver.client - MongoClient with metadata {"driver": {"name": "mongo-java-driver|sync|spring-boot", "version": "4.11.2"}, "os": {"type": "Windows", "name": "Windows 11", "architecture": "amd64", "version": "10.0"}, "platform": "Java/Eclipse Adoptium/17.0.15+6"} created with settings MongoClientSettings{readPreference=primary, writeConcern=WriteConcern{w=null, wTimeout=null ms, journal=null}, retryWrites=true, retryReads=true, readConcern=ReadConcern{level=null}, credential=null, transportSettings=null, streamFactoryFactory=null, commandListeners=[io.micrometer.core.instrument.binder.mongodb.MongoMetricsCommandListener@7871d261], codecRegistry=ProvidersCodecRegistry{codecProviders=[ValueCodecProvider{}, BsonValueCodecProvider{}, DBRefCodecProvider{}, DBObjectCodecProvider{}, DocumentCodecProvider{}, CollectionCodecProvider{}, IterableCodecProvider{}, MapCodecProvider{}, GeoJsonCodecProvider{}, GridFSFileCodecProvider{}, Jsr310CodecProvider{}, JsonObjectCodecProvider{}, BsonCodecProvider{}, EnumCodecProvider{}, com.mongodb.client.model.mql.ExpressionCodecProvider@58164e9a, com.mongodb.Jep395RecordCodecProvider@11bfffb3, com.mongodb.KotlinCodecProvider@6a7a1a0d]}, loggerSettings=LoggerSettings{maxDocumentLength=1000}, clusterSettings={hosts=[localhost:27017], srvServiceName=mongodb, mode=SINGLE, requiredClusterType=UNKNOWN, requiredReplicaSetName='null', serverSelector='null', clusterListeners='[]', serverSelectionTimeout='30000 ms', localThreshold='15 ms'}, socketSettings=SocketSettings{connectTimeoutMS=10000, readTimeoutMS=0, receiveBufferSize=0, proxySettings=ProxySettings{host=null, port=null, username=null, password=null}}, heartbeatSocketSettings=SocketSettings{connectTimeoutMS=10000, readTimeoutMS=10000, receiveBufferSize=0, proxySettings=ProxySettings{host=null, port=null, username=null, password=null}}, connectionPoolSettings=ConnectionPoolSettings{maxSize=100, minSize=0, maxWaitTimeMS=120000, maxConnectionLifeTimeMS=0, maxConnectionIdleTimeMS=0, maintenanceInitialDelayMS=0, maintenanceFrequencyMS=60000, connectionPoolListeners=[io.micrometer.core.instrument.binder.mongodb.MongoMetricsConnectionPoolListener@1c6e3ff9], maxConnecting=2}, serverSettings=ServerSettings{heartbeatFrequencyMS=10000, minHeartbeatFrequencyMS=500, serverListeners='[]', serverMonitorListeners='[]'}, sslSettings=SslSettings{enabled=false, invalidHostNameAllowed=false, context=null}, applicationName='null', compressorList=[], uuidRepresentation=JAVA_LEGACY, serverApi=null, autoEncryptionSettings=null, dnsClient=null, inetAddressResolver=null, contextProvider=null}
2026-05-07 15:28:20.454 [cluster-ClusterId{value='69fc9374a76b8604c1e0c81a', description='null'}-localhost:27017] INFO  org.mongodb.driver.cluster - Exception in monitor thread while connecting to server localhost:27017
com.mongodb.MongoSocketOpenException: Exception opening socket
	at com.mongodb.internal.connection.SocketStream.lambda$open$0(SocketStream.java:84)
	at java.base/java.util.Optional.orElseThrow(Optional.java:403)
	at com.mongodb.internal.connection.SocketStream.open(SocketStream.java:84)
	at com.mongodb.internal.connection.InternalStreamConnection.open(InternalStreamConnection.java:211)
	at com.mongodb.internal.connection.DefaultServerMonitor$ServerMonitorRunnable.lookupServerDescription(DefaultServerMonitor.java:193)
	at com.mongodb.internal.connection.DefaultServerMonitor$ServerMonitorRunnable.run(DefaultServerMonitor.java:153)
	at java.base/java.lang.Thread.run(Thread.java:840)
Caused by: java.net.ConnectException: Connection refused: getsockopt
	at java.base/sun.nio.ch.Net.pollConnect(Native Method)
	at java.base/sun.nio.ch.Net.pollConnectNow(Net.java:672)
	at java.base/sun.nio.ch.NioSocketImpl.timedFinishConnect(NioSocketImpl.java:547)
	at java.base/sun.nio.ch.NioSocketImpl.connect(NioSocketImpl.java:602)
	at java.base/java.net.SocksSocketImpl.connect(SocksSocketImpl.java:327)
	at java.base/java.net.Socket.connect(Socket.java:633)
	at com.mongodb.internal.connection.SocketStreamHelper.initialize(SocketStreamHelper.java:76)
	at com.mongodb.internal.connection.SocketStream.initializeSocket(SocketStream.java:104)
	at com.mongodb.internal.connection.SocketStream.open(SocketStream.java:78)
	... 4 common frames omitted
2026-05-07 15:28:21.306 [main] WARN  o.s.b.w.s.c.AnnotationConfigServletWebServerApplicationContext - Exception encountered during context initialization - cancelling refresh attempt: org.springframework.beans.factory.BeanCreationException: Error creating bean with name 'itemController' defined in file [C:\Users\Wipro\CascadeProjects\FullCycleDevOps\api\target\classes\com\fullcycle\devops\controller\ItemController.class]: Post-processing of merged bean definition failed
2026-05-07 15:28:21.317 [main] INFO  i.o.sdk.trace.SdkTracerProvider - Calling shutdown() multiple times.
2026-05-07 15:28:21.321 [main] INFO  o.a.catalina.core.StandardService - Stopping service [Tomcat]
2026-05-07 15:28:21.334 [main] WARN  o.a.c.loader.WebappClassLoaderBase - The web application [ROOT] appears to have started a thread named [BatchSpanProcessor_WorkerThread-1] but has failed to stop it. This is very likely to create a memory leak. Stack trace of thread:
 java.base@17.0.15/jdk.internal.misc.Unsafe.park(Native Method)
 java.base@17.0.15/java.util.concurrent.locks.LockSupport.parkNanos(LockSupport.java:252)
 java.base@17.0.15/java.util.concurrent.locks.AbstractQueuedSynchronizer$ConditionObject.awaitNanos(AbstractQueuedSynchronizer.java:1679)
 java.base@17.0.15/java.util.concurrent.ArrayBlockingQueue.poll(ArrayBlockingQueue.java:435)
 app//io.opentelemetry.sdk.trace.export.BatchSpanProcessor$Worker.run(BatchSpanProcessor.java:253)
 java.base@17.0.15/java.lang.Thread.run(Thread.java:840)
2026-05-07 15:28:21.382 [main] INFO  o.s.b.a.l.ConditionEvaluationReportLogger - 

Error starting ApplicationContext. To display the condition evaluation report re-run your application with 'debug' enabled.
2026-05-07 15:28:21.441 [main] ERROR o.s.boot.SpringApplication - Application run failed
org.springframework.beans.factory.BeanCreationException: Error creating bean with name 'itemController' defined in file [C:\Users\Wipro\CascadeProjects\FullCycleDevOps\api\target\classes\com\fullcycle\devops\controller\ItemController.class]: Post-processing of merged bean definition failed
	at org.springframework.beans.factory.support.AbstractAutowireCapableBeanFactory.doCreateBean(AbstractAutowireCapableBeanFactory.java:577)
	at org.springframework.beans.factory.support.AbstractAutowireCapableBeanFactory.createBean(AbstractAutowireCapableBeanFactory.java:522)
	at org.springframework.beans.factory.support.AbstractBeanFactory.lambda$doGetBean$0(AbstractBeanFactory.java:326)
	at org.springframework.beans.factory.support.DefaultSingletonBeanRegistry.getSingleton(DefaultSingletonBeanRegistry.java:234)
	at org.springframework.beans.factory.support.AbstractBeanFactory.doGetBean(AbstractBeanFactory.java:324)
	at org.springframework.beans.factory.support.AbstractBeanFactory.getBean(AbstractBeanFactory.java:200)
	at org.springframework.beans.factory.support.DefaultListableBeanFactory.preInstantiateSingletons(DefaultListableBeanFactory.java:975)
	at org.springframework.context.support.AbstractApplicationContext.finishBeanFactoryInitialization(AbstractApplicationContext.java:962)
	at org.springframework.context.support.AbstractApplicationContext.refresh(AbstractApplicationContext.java:624)
	at org.springframework.boot.web.servlet.context.ServletWebServerApplicationContext.refresh(ServletWebServerApplicationContext.java:146)
	at org.springframework.boot.SpringApplication.refresh(SpringApplication.java:754)
	at org.springframework.boot.SpringApplication.refreshContext(SpringApplication.java:456)
	at org.springframework.boot.SpringApplication.run(SpringApplication.java:334)
	at org.springframework.boot.SpringApplication.run(SpringApplication.java:1354)
	at org.springframework.boot.SpringApplication.run(SpringApplication.java:1343)
	at com.fullcycle.devops.DevOpsObservabilityApplication.main(DevOpsObservabilityApplication.java:10)
Caused by: java.lang.IllegalStateException: Lifecycle annotation requires a no-arg method: public void com.fullcycle.devops.controller.ItemController.initCounters(io.micrometer.core.instrument.MeterRegistry)
	at org.springframework.beans.factory.annotation.InitDestroyAnnotationBeanPostProcessor$LifecycleMethod.<init>(InitDestroyAnnotationBeanPostProcessor.java:440)
	at org.springframework.beans.factory.annotation.InitDestroyAnnotationBeanPostProcessor.lambda$buildLifecycleMetadata$1(InitDestroyAnnotationBeanPostProcessor.java:300)
	at org.springframework.util.ReflectionUtils.doWithLocalMethods(ReflectionUtils.java:323)
	at org.springframework.beans.factory.annotation.InitDestroyAnnotationBeanPostProcessor.buildLifecycleMetadata(InitDestroyAnnotationBeanPostProcessor.java:297)
	at org.springframework.beans.factory.annotation.InitDestroyAnnotationBeanPostProcessor.findLifecycleMetadata(InitDestroyAnnotationBeanPostProcessor.java:274)
	at org.springframework.beans.factory.annotation.InitDestroyAnnotationBeanPostProcessor.findLifecycleMetadata(InitDestroyAnnotationBeanPostProcessor.java:203)
	at org.springframework.beans.factory.annotation.InitDestroyAnnotationBeanPostProcessor.postProcessMergedBeanDefinition(InitDestroyAnnotationBeanPostProcessor.java:182)
	at org.springframework.context.annotation.CommonAnnotationBeanPostProcessor.postProcessMergedBeanDefinition(CommonAnnotationBeanPostProcessor.java:311)
	at org.springframework.beans.factory.support.AbstractAutowireCapableBeanFactory.applyMergedBeanDefinitionPostProcessors(AbstractAutowireCapableBeanFactory.java:1085)
	at org.springframework.beans.factory.support.AbstractAutowireCapableBeanFactory.doCreateBean(AbstractAutowireCapableBeanFactory.java:574)
	... 15 common frames omitted
2026-05-07 15:29:05.457 [main] INFO  c.f.d.DevOpsObservabilityApplication - Starting DevOpsObservabilityApplication using Java 17.0.15 with PID 30460 (C:\Users\Wipro\CascadeProjects\FullCycleDevOps\api\target\classes started by Wipro in C:\Users\Wipro\CascadeProjects\FullCycleDevOps\api)
2026-05-07 15:29:05.462 [main] INFO  c.f.d.DevOpsObservabilityApplication - No active profile set, falling back to 1 default profile: "default"
2026-05-07 15:29:08.146 [main] INFO  o.s.d.r.c.RepositoryConfigurationDelegate - Bootstrapping Spring Data MongoDB repositories in DEFAULT mode.
2026-05-07 15:29:08.341 [main] INFO  o.s.d.r.c.RepositoryConfigurationDelegate - Finished Spring Data repository scanning in 176 ms. Found 1 MongoDB repository interface.
2026-05-07 15:29:10.695 [main] INFO  o.s.b.w.e.tomcat.TomcatWebServer - Tomcat initialized with port 8080 (http)
2026-05-07 15:29:10.747 [main] INFO  o.a.catalina.core.StandardService - Starting service [Tomcat]
2026-05-07 15:29:10.747 [main] INFO  o.a.catalina.core.StandardEngine - Starting Servlet engine: [Apache Tomcat/10.1.20]
2026-05-07 15:29:10.954 [main] INFO  o.a.c.c.C.[Tomcat].[localhost].[/] - Initializing Spring embedded WebApplicationContext
2026-05-07 15:29:10.956 [main] INFO  o.s.b.w.s.c.ServletWebServerApplicationContext - Root WebApplicationContext: initialization completed in 5350 ms
2026-05-07 15:29:11.259 [main] DEBUG i.o.sdk.internal.JavaVersionSpecific - Using the APIs optimized for: Java 9+
2026-05-07 15:29:11.704 [main] DEBUG o.s.w.f.ServerHttpObservationFilter - Filter 'webMvcObservationFilter' configured for use
2026-05-07 15:29:12.285 [main] INFO  org.mongodb.driver.client - MongoClient with metadata {"driver": {"name": "mongo-java-driver|sync|spring-boot", "version": "4.11.2"}, "os": {"type": "Windows", "name": "Windows 11", "architecture": "amd64", "version": "10.0"}, "platform": "Java/Eclipse Adoptium/17.0.15+6"} created with settings MongoClientSettings{readPreference=primary, writeConcern=WriteConcern{w=null, wTimeout=null ms, journal=null}, retryWrites=true, retryReads=true, readConcern=ReadConcern{level=null}, credential=null, transportSettings=null, streamFactoryFactory=null, commandListeners=[io.micrometer.core.instrument.binder.mongodb.MongoMetricsCommandListener@615e83ac], codecRegistry=ProvidersCodecRegistry{codecProviders=[ValueCodecProvider{}, BsonValueCodecProvider{}, DBRefCodecProvider{}, DBObjectCodecProvider{}, DocumentCodecProvider{}, CollectionCodecProvider{}, IterableCodecProvider{}, MapCodecProvider{}, GeoJsonCodecProvider{}, GridFSFileCodecProvider{}, Jsr310CodecProvider{}, JsonObjectCodecProvider{}, BsonCodecProvider{}, EnumCodecProvider{}, com.mongodb.client.model.mql.ExpressionCodecProvider@4438938e, com.mongodb.Jep395RecordCodecProvider@4e50ae56, com.mongodb.KotlinCodecProvider@1c68d0db]}, loggerSettings=LoggerSettings{maxDocumentLength=1000}, clusterSettings={hosts=[localhost:27017], srvServiceName=mongodb, mode=SINGLE, requiredClusterType=UNKNOWN, requiredReplicaSetName='null', serverSelector='null', clusterListeners='[]', serverSelectionTimeout='30000 ms', localThreshold='15 ms'}, socketSettings=SocketSettings{connectTimeoutMS=10000, readTimeoutMS=0, receiveBufferSize=0, proxySettings=ProxySettings{host=null, port=null, username=null, password=null}}, heartbeatSocketSettings=SocketSettings{connectTimeoutMS=10000, readTimeoutMS=10000, receiveBufferSize=0, proxySettings=ProxySettings{host=null, port=null, username=null, password=null}}, connectionPoolSettings=ConnectionPoolSettings{maxSize=100, minSize=0, maxWaitTimeMS=120000, maxConnectionLifeTimeMS=0, maxConnectionIdleTimeMS=0, maintenanceInitialDelayMS=0, maintenanceFrequencyMS=60000, connectionPoolListeners=[io.micrometer.core.instrument.binder.mongodb.MongoMetricsConnectionPoolListener@9be7319], maxConnecting=2}, serverSettings=ServerSettings{heartbeatFrequencyMS=10000, minHeartbeatFrequencyMS=500, serverListeners='[]', serverMonitorListeners='[]'}, sslSettings=SslSettings{enabled=false, invalidHostNameAllowed=false, context=null}, applicationName='null', compressorList=[], uuidRepresentation=JAVA_LEGACY, serverApi=null, autoEncryptionSettings=null, dnsClient=null, inetAddressResolver=null, contextProvider=null}
2026-05-07 15:29:12.321 [cluster-ClusterId{value='69fc93a8e324ef4d18fda5c6', description='null'}-localhost:27017] INFO  org.mongodb.driver.cluster - Exception in monitor thread while connecting to server localhost:27017
com.mongodb.MongoSocketOpenException: Exception opening socket
	at com.mongodb.internal.connection.SocketStream.lambda$open$0(SocketStream.java:84)
	at java.base/java.util.Optional.orElseThrow(Optional.java:403)
	at com.mongodb.internal.connection.SocketStream.open(SocketStream.java:84)
	at com.mongodb.internal.connection.InternalStreamConnection.open(InternalStreamConnection.java:211)
	at com.mongodb.internal.connection.DefaultServerMonitor$ServerMonitorRunnable.lookupServerDescription(DefaultServerMonitor.java:193)
	at com.mongodb.internal.connection.DefaultServerMonitor$ServerMonitorRunnable.run(DefaultServerMonitor.java:153)
	at java.base/java.lang.Thread.run(Thread.java:840)
Caused by: java.net.ConnectException: Connection refused: getsockopt
	at java.base/sun.nio.ch.Net.pollConnect(Native Method)
	at java.base/sun.nio.ch.Net.pollConnectNow(Net.java:672)
	at java.base/sun.nio.ch.NioSocketImpl.timedFinishConnect(NioSocketImpl.java:547)
	at java.base/sun.nio.ch.NioSocketImpl.connect(NioSocketImpl.java:602)
	at java.base/java.net.SocksSocketImpl.connect(SocksSocketImpl.java:327)
	at java.base/java.net.Socket.connect(Socket.java:633)
	at com.mongodb.internal.connection.SocketStreamHelper.initialize(SocketStreamHelper.java:76)
	at com.mongodb.internal.connection.SocketStream.initializeSocket(SocketStream.java:104)
	at com.mongodb.internal.connection.SocketStream.open(SocketStream.java:78)
	... 4 common frames omitted
2026-05-07 15:29:13.599 [main] DEBUG o.s.w.s.m.m.a.RequestMappingHandlerMapping - 7 mappings in 'requestMappingHandlerMapping'
2026-05-07 15:29:13.808 [main] DEBUG o.s.w.s.h.SimpleUrlHandlerMapping - Patterns [/webjars/**, /**] in 'resourceHandlerMapping'
2026-05-07 15:29:13.901 [main] DEBUG o.s.w.s.m.m.a.RequestMappingHandlerAdapter - ControllerAdvice beans: 0 @ModelAttribute, 0 @InitBinder, 1 RequestBodyAdvice, 1 ResponseBodyAdvice
2026-05-07 15:29:14.004 [main] DEBUG o.s.w.s.m.m.a.ExceptionHandlerExceptionResolver - ControllerAdvice beans: 1 @ExceptionHandler, 1 ResponseBodyAdvice
2026-05-07 15:29:14.477 [main] INFO  o.s.b.a.e.web.EndpointLinksResolver - Exposing 4 endpoint(s) beneath base path '/actuator'
2026-05-07 15:29:14.713 [main] INFO  o.s.b.w.e.tomcat.TomcatWebServer - Tomcat started on port 8080 (http) with context path ''
2026-05-07 15:29:14.761 [main] INFO  c.f.d.DevOpsObservabilityApplication - Started DevOpsObservabilityApplication in 11.292 seconds (process running for 12.484)
2026-05-07 15:33:07.410 [main] INFO  c.f.d.DevOpsObservabilityApplication - Starting DevOpsObservabilityApplication using Java 17.0.15 with PID 39012 (C:\Users\Wipro\CascadeProjects\FullCycleDevOps\api\target\classes started by Wipro in C:\Users\Wipro\CascadeProjects\FullCycleDevOps\api)
2026-05-07 15:33:07.418 [main] INFO  c.f.d.DevOpsObservabilityApplication - No active profile set, falling back to 1 default profile: "default"
2026-05-07 15:33:10.612 [main] INFO  o.s.d.r.c.RepositoryConfigurationDelegate - Bootstrapping Spring Data MongoDB repositories in DEFAULT mode.
2026-05-07 15:33:10.786 [main] INFO  o.s.d.r.c.RepositoryConfigurationDelegate - Finished Spring Data repository scanning in 161 ms. Found 1 MongoDB repository interface.
2026-05-07 15:33:12.052 [main] INFO  o.s.b.w.e.tomcat.TomcatWebServer - Tomcat initialized with port 8080 (http)
2026-05-07 15:33:12.089 [main] INFO  o.a.catalina.core.StandardService - Starting service [Tomcat]
2026-05-07 15:33:12.091 [main] INFO  o.a.catalina.core.StandardEngine - Starting Servlet engine: [Apache Tomcat/10.1.20]
2026-05-07 15:33:12.266 [main] INFO  o.a.c.c.C.[Tomcat].[localhost].[/] - Initializing Spring embedded WebApplicationContext
2026-05-07 15:33:12.268 [main] INFO  o.s.b.w.s.c.ServletWebServerApplicationContext - Root WebApplicationContext: initialization completed in 4715 ms
2026-05-07 15:33:12.518 [main] DEBUG i.o.sdk.internal.JavaVersionSpecific - Using the APIs optimized for: Java 9+
2026-05-07 15:33:12.934 [main] DEBUG o.s.w.f.ServerHttpObservationFilter - Filter 'webMvcObservationFilter' configured for use
2026-05-07 15:33:13.385 [main] INFO  org.mongodb.driver.client - MongoClient with metadata {"driver": {"name": "mongo-java-driver|sync|spring-boot", "version": "4.11.2"}, "os": {"type": "Windows", "name": "Windows 11", "architecture": "amd64", "version": "10.0"}, "platform": "Java/Eclipse Adoptium/17.0.15+6"} created with settings MongoClientSettings{readPreference=primary, writeConcern=WriteConcern{w=null, wTimeout=null ms, journal=null}, retryWrites=true, retryReads=true, readConcern=ReadConcern{level=null}, credential=null, transportSettings=null, streamFactoryFactory=null, commandListeners=[io.micrometer.core.instrument.binder.mongodb.MongoMetricsCommandListener@11399548], codecRegistry=ProvidersCodecRegistry{codecProviders=[ValueCodecProvider{}, BsonValueCodecProvider{}, DBRefCodecProvider{}, DBObjectCodecProvider{}, DocumentCodecProvider{}, CollectionCodecProvider{}, IterableCodecProvider{}, MapCodecProvider{}, GeoJsonCodecProvider{}, GridFSFileCodecProvider{}, Jsr310CodecProvider{}, JsonObjectCodecProvider{}, BsonCodecProvider{}, EnumCodecProvider{}, com.mongodb.client.model.mql.ExpressionCodecProvider@610fbe1c, com.mongodb.Jep395RecordCodecProvider@46d0f89c, com.mongodb.KotlinCodecProvider@570b2057]}, loggerSettings=LoggerSettings{maxDocumentLength=1000}, clusterSettings={hosts=[localhost:27017], srvServiceName=mongodb, mode=SINGLE, requiredClusterType=UNKNOWN, requiredReplicaSetName='null', serverSelector='null', clusterListeners='[]', serverSelectionTimeout='30000 ms', localThreshold='15 ms'}, socketSettings=SocketSettings{connectTimeoutMS=10000, readTimeoutMS=0, receiveBufferSize=0, proxySettings=ProxySettings{host=null, port=null, username=null, password=null}}, heartbeatSocketSettings=SocketSettings{connectTimeoutMS=10000, readTimeoutMS=10000, receiveBufferSize=0, proxySettings=ProxySettings{host=null, port=null, username=null, password=null}}, connectionPoolSettings=ConnectionPoolSettings{maxSize=100, minSize=0, maxWaitTimeMS=120000, maxConnectionLifeTimeMS=0, maxConnectionIdleTimeMS=0, maintenanceInitialDelayMS=0, maintenanceFrequencyMS=60000, connectionPoolListeners=[io.micrometer.core.instrument.binder.mongodb.MongoMetricsConnectionPoolListener@a457c2b], maxConnecting=2}, serverSettings=ServerSettings{heartbeatFrequencyMS=10000, minHeartbeatFrequencyMS=500, serverListeners='[]', serverMonitorListeners='[]'}, sslSettings=SslSettings{enabled=false, invalidHostNameAllowed=false, context=null}, applicationName='null', compressorList=[], uuidRepresentation=JAVA_LEGACY, serverApi=null, autoEncryptionSettings=null, dnsClient=null, inetAddressResolver=null, contextProvider=null}
2026-05-07 15:33:13.412 [cluster-ClusterId{value='69fc94997ec22c2f7dad5f94', description='null'}-localhost:27017] INFO  org.mongodb.driver.cluster - Exception in monitor thread while connecting to server localhost:27017
com.mongodb.MongoSocketOpenException: Exception opening socket
	at com.mongodb.internal.connection.SocketStream.lambda$open$0(SocketStream.java:84)
	at java.base/java.util.Optional.orElseThrow(Optional.java:403)
	at com.mongodb.internal.connection.SocketStream.open(SocketStream.java:84)
	at com.mongodb.internal.connection.InternalStreamConnection.open(InternalStreamConnection.java:211)
	at com.mongodb.internal.connection.DefaultServerMonitor$ServerMonitorRunnable.lookupServerDescription(DefaultServerMonitor.java:193)
	at com.mongodb.internal.connection.DefaultServerMonitor$ServerMonitorRunnable.run(DefaultServerMonitor.java:153)
	at java.base/java.lang.Thread.run(Thread.java:840)
Caused by: java.net.ConnectException: Connection refused: getsockopt
	at java.base/sun.nio.ch.Net.pollConnect(Native Method)
	at java.base/sun.nio.ch.Net.pollConnectNow(Net.java:672)
	at java.base/sun.nio.ch.NioSocketImpl.timedFinishConnect(NioSocketImpl.java:547)
	at java.base/sun.nio.ch.NioSocketImpl.connect(NioSocketImpl.java:602)
	at java.base/java.net.SocksSocketImpl.connect(SocksSocketImpl.java:327)
	at java.base/java.net.Socket.connect(Socket.java:633)
	at com.mongodb.internal.connection.SocketStreamHelper.initialize(SocketStreamHelper.java:76)
	at com.mongodb.internal.connection.SocketStream.initializeSocket(SocketStream.java:104)
	at com.mongodb.internal.connection.SocketStream.open(SocketStream.java:78)
	... 4 common frames omitted
2026-05-07 15:33:14.550 [main] DEBUG o.s.w.s.m.m.a.RequestMappingHandlerMapping - 7 mappings in 'requestMappingHandlerMapping'
2026-05-07 15:33:14.746 [main] DEBUG o.s.w.s.h.SimpleUrlHandlerMapping - Patterns [/webjars/**, /**] in 'resourceHandlerMapping'
2026-05-07 15:33:14.839 [main] DEBUG o.s.w.s.m.m.a.RequestMappingHandlerAdapter - ControllerAdvice beans: 0 @ModelAttribute, 0 @InitBinder, 1 RequestBodyAdvice, 1 ResponseBodyAdvice
2026-05-07 15:33:14.937 [main] DEBUG o.s.w.s.m.m.a.ExceptionHandlerExceptionResolver - ControllerAdvice beans: 1 @ExceptionHandler, 1 ResponseBodyAdvice
2026-05-07 15:33:15.360 [main] INFO  o.s.b.a.e.web.EndpointLinksResolver - Exposing 4 endpoint(s) beneath base path '/actuator'
2026-05-07 15:33:15.568 [main] INFO  o.s.b.w.e.tomcat.TomcatWebServer - Tomcat started on port 8080 (http) with context path ''
2026-05-07 15:33:15.612 [main] INFO  c.f.d.DevOpsObservabilityApplication - Started DevOpsObservabilityApplication in 9.916 seconds (process running for 11.319)
2026-05-07 16:34:02.632 [main] INFO  c.f.d.DevOpsObservabilityApplication - Starting DevOpsObservabilityApplication using Java 17.0.15 with PID 60800 (C:\Users\Wipro\CascadeProjects\FullCycleDevOps\api\target\classes started by Wipro in C:\Users\Wipro\CascadeProjects\FullCycleDevOps\api)
2026-05-07 16:34:02.641 [main] INFO  c.f.d.DevOpsObservabilityApplication - No active profile set, falling back to 1 default profile: "default"
2026-05-07 16:34:05.859 [main] INFO  o.s.d.r.c.RepositoryConfigurationDelegate - Bootstrapping Spring Data MongoDB repositories in DEFAULT mode.
2026-05-07 16:34:06.085 [main] INFO  o.s.d.r.c.RepositoryConfigurationDelegate - Finished Spring Data repository scanning in 208 ms. Found 1 MongoDB repository interface.
2026-05-07 16:34:07.809 [main] INFO  o.s.b.w.e.tomcat.TomcatWebServer - Tomcat initialized with port 8080 (http)
2026-05-07 16:34:07.856 [main] INFO  o.a.catalina.core.StandardService - Starting service [Tomcat]
2026-05-07 16:34:07.856 [main] INFO  o.a.catalina.core.StandardEngine - Starting Servlet engine: [Apache Tomcat/10.1.20]
2026-05-07 16:34:08.102 [main] INFO  o.a.c.c.C.[Tomcat].[localhost].[/] - Initializing Spring embedded WebApplicationContext
2026-05-07 16:34:08.104 [main] INFO  o.s.b.w.s.c.ServletWebServerApplicationContext - Root WebApplicationContext: initialization completed in 5244 ms
2026-05-07 16:34:08.432 [main] DEBUG i.o.sdk.internal.JavaVersionSpecific - Using the APIs optimized for: Java 9+
2026-05-07 16:34:09.578 [main] DEBUG o.s.w.f.ServerHttpObservationFilter - Filter 'webMvcObservationFilter' configured for use
2026-05-07 16:34:09.756 [main] INFO  c.f.devops.config.DotenvConfig - Environment variables loaded from .env file
2026-05-07 16:34:11.316 [cluster-ClusterId{value='69fca2e309f7b263d41ee54c', description='devops'}-srv-devops.olbfnpv.mongodb.net] INFO  org.mongodb.driver.cluster - Adding discovered server ac-ornn3mz-shard-00-02.olbfnpv.mongodb.net:27017 to client view of cluster
2026-05-07 16:34:11.390 [main] INFO  org.mongodb.driver.client - MongoClient with metadata {"application": {"name": "devops"}, "driver": {"name": "mongo-java-driver|sync|spring-boot", "version": "4.11.2"}, "os": {"type": "Windows", "name": "Windows 11", "architecture": "amd64", "version": "10.0"}, "platform": "Java/Eclipse Adoptium/17.0.15+6"} created with settings MongoClientSettings{readPreference=primary, writeConcern=WriteConcern{w=null, wTimeout=null ms, journal=null}, retryWrites=true, retryReads=true, readConcern=ReadConcern{level=null}, credential=MongoCredential{mechanism=null, userName='luthomakomazi', source='admin', password=<hidden>, mechanismProperties=<hidden>}, transportSettings=null, streamFactoryFactory=null, commandListeners=[io.micrometer.core.instrument.binder.mongodb.MongoMetricsCommandListener@698d6d30], codecRegistry=ProvidersCodecRegistry{codecProviders=[ValueCodecProvider{}, BsonValueCodecProvider{}, DBRefCodecProvider{}, DBObjectCodecProvider{}, DocumentCodecProvider{}, CollectionCodecProvider{}, IterableCodecProvider{}, MapCodecProvider{}, GeoJsonCodecProvider{}, GridFSFileCodecProvider{}, Jsr310CodecProvider{}, JsonObjectCodecProvider{}, BsonCodecProvider{}, EnumCodecProvider{}, com.mongodb.client.model.mql.ExpressionCodecProvider@78065fcd, com.mongodb.Jep395RecordCodecProvider@3407aa4f, com.mongodb.KotlinCodecProvider@51ed2f68]}, loggerSettings=LoggerSettings{maxDocumentLength=1000}, clusterSettings={hosts=[127.0.0.1:27017], srvHost=devops.olbfnpv.mongodb.net, srvServiceName=mongodb, mode=MULTIPLE, requiredClusterType=REPLICA_SET, requiredReplicaSetName='atlas-4v1ykt-shard-0', serverSelector='null', clusterListeners='[]', serverSelectionTimeout='30000 ms', localThreshold='15 ms'}, socketSettings=SocketSettings{connectTimeoutMS=10000, readTimeoutMS=0, receiveBufferSize=0, proxySettings=ProxySettings{host=null, port=null, username=null, password=null}}, heartbeatSocketSettings=SocketSettings{connectTimeoutMS=10000, readTimeoutMS=10000, receiveBufferSize=0, proxySettings=ProxySettings{host=null, port=null, username=null, password=null}}, connectionPoolSettings=ConnectionPoolSettings{maxSize=100, minSize=0, maxWaitTimeMS=120000, maxConnectionLifeTimeMS=0, maxConnectionIdleTimeMS=0, maintenanceInitialDelayMS=0, maintenanceFrequencyMS=60000, connectionPoolListeners=[io.micrometer.core.instrument.binder.mongodb.MongoMetricsConnectionPoolListener@538b3c88], maxConnecting=2}, serverSettings=ServerSettings{heartbeatFrequencyMS=10000, minHeartbeatFrequencyMS=500, serverListeners='[]', serverMonitorListeners='[]'}, sslSettings=SslSettings{enabled=true, invalidHostNameAllowed=false, context=null}, applicationName='devops', compressorList=[], uuidRepresentation=JAVA_LEGACY, serverApi=null, autoEncryptionSettings=null, dnsClient=null, inetAddressResolver=null, contextProvider=null}
2026-05-07 16:34:11.470 [cluster-ClusterId{value='69fca2e309f7b263d41ee54c', description='devops'}-srv-devops.olbfnpv.mongodb.net] INFO  org.mongodb.driver.cluster - Adding discovered server ac-ornn3mz-shard-00-01.olbfnpv.mongodb.net:27017 to client view of cluster
2026-05-07 16:34:11.482 [cluster-ClusterId{value='69fca2e309f7b263d41ee54c', description='devops'}-srv-devops.olbfnpv.mongodb.net] INFO  org.mongodb.driver.cluster - Adding discovered server ac-ornn3mz-shard-00-00.olbfnpv.mongodb.net:27017 to client view of cluster
2026-05-07 16:34:12.722 [cluster-ClusterId{value='69fca2e309f7b263d41ee54c', description='devops'}-ac-ornn3mz-shard-00-00.olbfnpv.mongodb.net:27017] INFO  org.mongodb.driver.cluster - Monitor thread successfully connected to server with description ServerDescription{address=ac-ornn3mz-shard-00-00.olbfnpv.mongodb.net:27017, type=REPLICA_SET_SECONDARY, state=CONNECTED, ok=true, minWireVersion=0, maxWireVersion=25, maxDocumentSize=16777216, logicalSessionTimeoutMinutes=30, roundTripTimeNanos=523180800, setName='atlas-4v1ykt-shard-0', canonicalAddress=ac-ornn3mz-shard-00-00.olbfnpv.mongodb.net:27017, hosts=[ac-ornn3mz-shard-00-01.olbfnpv.mongodb.net:27017, ac-ornn3mz-shard-00-00.olbfnpv.mongodb.net:27017, ac-ornn3mz-shard-00-02.olbfnpv.mongodb.net:27017], passives=[], arbiters=[], primary='ac-ornn3mz-shard-00-01.olbfnpv.mongodb.net:27017', tagSet=TagSet{[Tag{name='availabilityZone', value='afs1-az1'}, Tag{name='cacheState', value='READY'}, Tag{name='diskState', value='READY'}, Tag{name='nodeType', value='ELECTABLE'}, Tag{name='provider', value='AWS'}, Tag{name='region', value='AF_SOUTH_1'}, Tag{name='workloadType', value='OPERATIONAL'}]}, electionId=null, setVersion=8, topologyVersion=TopologyVersion{processId=69fb4b66b53ef5a80c730f2f, counter=4}, lastWriteDate=Thu May 07 16:34:12 SAST 2026, lastUpdateTimeNanos=105088957838200}
2026-05-07 16:34:12.722 [cluster-ClusterId{value='69fca2e309f7b263d41ee54c', description='devops'}-ac-ornn3mz-shard-00-02.olbfnpv.mongodb.net:27017] INFO  org.mongodb.driver.cluster - Monitor thread successfully connected to server with description ServerDescription{address=ac-ornn3mz-shard-00-02.olbfnpv.mongodb.net:27017, type=REPLICA_SET_SECONDARY, state=CONNECTED, ok=true, minWireVersion=0, maxWireVersion=25, maxDocumentSize=16777216, logicalSessionTimeoutMinutes=30, roundTripTimeNanos=529944100, setName='atlas-4v1ykt-shard-0', canonicalAddress=ac-ornn3mz-shard-00-02.olbfnpv.mongodb.net:27017, hosts=[ac-ornn3mz-shard-00-01.olbfnpv.mongodb.net:27017, ac-ornn3mz-shard-00-00.olbfnpv.mongodb.net:27017, ac-ornn3mz-shard-00-02.olbfnpv.mongodb.net:27017], passives=[], arbiters=[], primary='ac-ornn3mz-shard-00-01.olbfnpv.mongodb.net:27017', tagSet=TagSet{[Tag{name='availabilityZone', value='afs1-az3'}, Tag{name='cacheState', value='READY'}, Tag{name='diskState', value='READY'}, Tag{name='nodeType', value='ELECTABLE'}, Tag{name='provider', value='AWS'}, Tag{name='region', value='AF_SOUTH_1'}, Tag{name='workloadType', value='OPERATIONAL'}]}, electionId=null, setVersion=8, topologyVersion=TopologyVersion{processId=69fb4bd32d89feada75c3cdb, counter=3}, lastWriteDate=Thu May 07 16:34:12 SAST 2026, lastUpdateTimeNanos=105088957559900}
2026-05-07 16:34:12.723 [cluster-ClusterId{value='69fca2e309f7b263d41ee54c', description='devops'}-ac-ornn3mz-shard-00-01.olbfnpv.mongodb.net:27017] INFO  org.mongodb.driver.cluster - Monitor thread successfully connected to server with description ServerDescription{address=ac-ornn3mz-shard-00-01.olbfnpv.mongodb.net:27017, type=REPLICA_SET_PRIMARY, state=CONNECTED, ok=true, minWireVersion=0, maxWireVersion=25, maxDocumentSize=16777216, logicalSessionTimeoutMinutes=30, roundTripTimeNanos=522792700, setName='atlas-4v1ykt-shard-0', canonicalAddress=ac-ornn3mz-shard-00-01.olbfnpv.mongodb.net:27017, hosts=[ac-ornn3mz-shard-00-01.olbfnpv.mongodb.net:27017, ac-ornn3mz-shard-00-00.olbfnpv.mongodb.net:27017, ac-ornn3mz-shard-00-02.olbfnpv.mongodb.net:27017], passives=[], arbiters=[], primary='ac-ornn3mz-shard-00-01.olbfnpv.mongodb.net:27017', tagSet=TagSet{[Tag{name='availabilityZone', value='afs1-az2'}, Tag{name='cacheState', value='READY'}, Tag{name='diskState', value='READY'}, Tag{name='nodeType', value='ELECTABLE'}, Tag{name='provider', value='AWS'}, Tag{name='region', value='AF_SOUTH_1'}, Tag{name='workloadType', value='OPERATIONAL'}]}, electionId=7fffffff000000000000004b, setVersion=8, topologyVersion=TopologyVersion{processId=69fb4b9c6c64295a98839a64, counter=6}, lastWriteDate=Thu May 07 16:34:12 SAST 2026, lastUpdateTimeNanos=105088957611800}
2026-05-07 16:34:12.728 [cluster-ClusterId{value='69fca2e309f7b263d41ee54c', description='devops'}-ac-ornn3mz-shard-00-01.olbfnpv.mongodb.net:27017] INFO  org.mongodb.driver.cluster - Discovered replica set primary ac-ornn3mz-shard-00-01.olbfnpv.mongodb.net:27017 with max election id 7fffffff000000000000004b and max set version 8
2026-05-07 16:34:12.992 [main] DEBUG o.s.w.s.m.m.a.RequestMappingHandlerMapping - 7 mappings in 'requestMappingHandlerMapping'
2026-05-07 16:34:13.164 [main] DEBUG o.s.w.s.h.SimpleUrlHandlerMapping - Patterns [/webjars/**, /**] in 'resourceHandlerMapping'
2026-05-07 16:34:13.257 [main] DEBUG o.s.w.s.m.m.a.RequestMappingHandlerAdapter - ControllerAdvice beans: 0 @ModelAttribute, 0 @InitBinder, 1 RequestBodyAdvice, 1 ResponseBodyAdvice
2026-05-07 16:34:13.357 [main] DEBUG o.s.w.s.m.m.a.ExceptionHandlerExceptionResolver - ControllerAdvice beans: 1 @ExceptionHandler, 1 ResponseBodyAdvice
2026-05-07 16:34:13.768 [main] INFO  o.s.b.a.e.web.EndpointLinksResolver - Exposing 4 endpoint(s) beneath base path '/actuator'
2026-05-07 16:34:13.969 [main] INFO  o.s.b.w.e.tomcat.TomcatWebServer - Tomcat started on port 8080 (http) with context path ''
2026-05-07 16:34:14.007 [main] INFO  c.f.d.DevOpsObservabilityApplication - Started DevOpsObservabilityApplication in 13.449 seconds (process running for 15.026)
2026-05-07 16:47:21.550 [http-nio-8080-exec-1] INFO  o.a.c.c.C.[Tomcat].[localhost].[/] - Initializing Spring DispatcherServlet 'dispatcherServlet'
2026-05-07 16:47:21.575 [http-nio-8080-exec-1] INFO  o.s.web.servlet.DispatcherServlet - Initializing Servlet 'dispatcherServlet'
2026-05-07 16:47:21.585 [http-nio-8080-exec-1] DEBUG o.s.web.servlet.DispatcherServlet - Detected StandardServletMultipartResolver
2026-05-07 16:47:21.588 [http-nio-8080-exec-1] DEBUG o.s.web.servlet.DispatcherServlet - Detected AcceptHeaderLocaleResolver
2026-05-07 16:47:21.589 [http-nio-8080-exec-1] DEBUG o.s.web.servlet.DispatcherServlet - Detected FixedThemeResolver
2026-05-07 16:47:21.677 [http-nio-8080-exec-1] DEBUG o.s.web.servlet.DispatcherServlet - Detected org.springframework.web.servlet.view.DefaultRequestToViewNameTranslator@2460861
2026-05-07 16:47:21.683 [http-nio-8080-exec-1] DEBUG o.s.web.servlet.DispatcherServlet - Detected org.springframework.web.servlet.support.SessionFlashMapManager@2e099d8
2026-05-07 16:47:21.689 [http-nio-8080-exec-1] DEBUG o.s.web.servlet.DispatcherServlet - enableLoggingRequestDetails='false': request parameters and headers will be masked to prevent unsafe logging of potentially sensitive data
2026-05-07 16:47:21.690 [http-nio-8080-exec-1] INFO  o.s.web.servlet.DispatcherServlet - Completed initialization in 113 ms
2026-05-07 16:47:21.758 [http-nio-8080-exec-1] DEBUG i.o.e.t.p.B3PropagatorExtractorMultipleHeaders - Invalid TraceId in B3 header: null'. Returning INVALID span context.
2026-05-07 16:47:21.758 [http-nio-8080-exec-1] DEBUG i.o.e.t.p.B3PropagatorExtractorMultipleHeaders - Invalid TraceId in B3 header: null'. Returning INVALID span context.
2026-05-07 16:47:21.875 [http-nio-8080-exec-1] DEBUG o.s.web.servlet.DispatcherServlet - GET "/api/items", parameters={}
2026-05-07 16:47:21.928 [http-nio-8080-exec-1] DEBUG o.s.w.s.m.m.a.RequestMappingHandlerMapping - Mapped to com.fullcycle.devops.controller.ItemController#getAllItems()
2026-05-07 16:47:21.992 [http-nio-8080-exec-1] INFO  c.f.devops.controller.ItemController - GET /api/items - Fetching all items
2026-05-07 16:47:21.993 [http-nio-8080-exec-1] INFO  c.f.devops.service.ItemService - Fetching all items
2026-05-07 16:47:22.100 [http-nio-8080-exec-1] DEBUG o.s.data.mongodb.core.MongoTemplate - find using query: {} fields: Document{{}} sort: null for class: class com.fullcycle.devops.model.Item in collection: items
2026-05-07 16:47:23.416 [http-nio-8080-exec-1] INFO  c.f.devops.service.ItemService - Found 0 items
2026-05-07 16:47:23.495 [http-nio-8080-exec-1] DEBUG o.s.w.s.m.m.a.HttpEntityMethodProcessor - Using 'application/json', given [*/*] and supported [application/json, application/*+json]
2026-05-07 16:47:23.502 [http-nio-8080-exec-1] DEBUG o.s.w.s.m.m.a.HttpEntityMethodProcessor - Writing [[]]
2026-05-07 16:47:23.571 [http-nio-8080-exec-1] DEBUG o.s.web.servlet.DispatcherServlet - Completed 200 OK
2026-05-07 16:48:52.268 [http-nio-8080-exec-3] DEBUG i.o.e.t.p.B3PropagatorExtractorMultipleHeaders - Invalid TraceId in B3 header: null'. Returning INVALID span context.
2026-05-07 16:48:52.277 [http-nio-8080-exec-3] DEBUG i.o.e.t.p.B3PropagatorExtractorMultipleHeaders - Invalid TraceId in B3 header: null'. Returning INVALID span context.
2026-05-07 16:48:52.294 [http-nio-8080-exec-3] DEBUG o.s.web.servlet.DispatcherServlet - POST "/api/items", parameters={}
2026-05-07 16:48:52.303 [http-nio-8080-exec-3] DEBUG o.s.w.s.m.m.a.RequestMappingHandlerMapping - Mapped to com.fullcycle.devops.controller.ItemController#createItem(ItemRequest)
2026-05-07 16:48:52.715 [http-nio-8080-exec-3] DEBUG o.s.w.s.m.m.a.RequestResponseBodyMethodProcessor - Read "application/json;charset=UTF-8" to [ItemRequest(name=Test Item, description=First test item)]
2026-05-07 16:48:53.041 [http-nio-8080-exec-3] INFO  c.f.devops.controller.ItemController - POST /api/items - Creating new item: Test Item
2026-05-07 16:48:53.042 [http-nio-8080-exec-3] INFO  c.f.devops.service.ItemService - Creating new item with name: Test Item
2026-05-07 16:48:53.093 [http-nio-8080-exec-3] DEBUG o.s.d.m.r.query.MongoQueryCreator - Created query Query: { "name" : "Test Item"}, Fields: {}, Sort: {}
2026-05-07 16:48:53.143 [http-nio-8080-exec-3] DEBUG o.s.data.mongodb.core.MongoTemplate - find using query: { "name" : "Test Item"} fields: Document{{}} sort: { "name" : "Test Item"} for class: class com.fullcycle.devops.model.Item in collection: items
2026-05-07 16:48:53.310 [http-nio-8080-exec-3] DEBUG o.s.data.mongodb.core.MongoTemplate - Inserting Document containing fields: [name, description, created_at, updated_at, _class] in collection: items
2026-05-07 16:48:53.443 [http-nio-8080-exec-3] INFO  c.f.devops.service.ItemService - Created item with id: 69fca65509f7b263d41ee54d
2026-05-07 16:48:53.489 [http-nio-8080-exec-3] DEBUG o.s.w.s.m.m.a.HttpEntityMethodProcessor - Using 'application/json', given [*/*] and supported [application/json, application/*+json]
2026-05-07 16:48:53.498 [http-nio-8080-exec-3] DEBUG o.s.w.s.m.m.a.HttpEntityMethodProcessor - Writing [ItemResponse(id=69fca65509f7b263d41ee54d, name=Test Item, description=First test item, createdAt=202 (truncated)...]
2026-05-07 16:48:53.504 [http-nio-8080-exec-3] DEBUG o.s.web.servlet.DispatcherServlet - Completed 201 CREATED
2026-05-07 16:49:03.473 [http-nio-8080-exec-4] DEBUG i.o.e.t.p.B3PropagatorExtractorMultipleHeaders - Invalid TraceId in B3 header: null'. Returning INVALID span context.
2026-05-07 16:49:03.474 [http-nio-8080-exec-4] DEBUG i.o.e.t.p.B3PropagatorExtractorMultipleHeaders - Invalid TraceId in B3 header: null'. Returning INVALID span context.
2026-05-07 16:49:03.475 [http-nio-8080-exec-4] DEBUG o.s.web.servlet.DispatcherServlet - GET "/api/items", parameters={}
2026-05-07 16:49:03.478 [http-nio-8080-exec-4] DEBUG o.s.w.s.m.m.a.RequestMappingHandlerMapping - Mapped to com.fullcycle.devops.controller.ItemController#getAllItems()
2026-05-07 16:49:03.480 [http-nio-8080-exec-4] INFO  c.f.devops.controller.ItemController - GET /api/items - Fetching all items
2026-05-07 16:49:03.480 [http-nio-8080-exec-4] INFO  c.f.devops.service.ItemService - Fetching all items
2026-05-07 16:49:03.505 [http-nio-8080-exec-4] DEBUG o.s.data.mongodb.core.MongoTemplate - find using query: {} fields: Document{{}} sort: null for class: class com.fullcycle.devops.model.Item in collection: items
2026-05-07 16:49:03.906 [http-nio-8080-exec-4] INFO  c.f.devops.service.ItemService - Found 1 items
2026-05-07 16:49:03.908 [http-nio-8080-exec-4] DEBUG o.s.w.s.m.m.a.HttpEntityMethodProcessor - Using 'application/json', given [*/*] and supported [application/json, application/*+json]
2026-05-07 16:49:03.909 [http-nio-8080-exec-4] DEBUG o.s.w.s.m.m.a.HttpEntityMethodProcessor - Writing [[ItemResponse(id=69fca65509f7b263d41ee54d, name=Test Item, description=First test item, createdAt=20 (truncated)...]
2026-05-07 16:49:03.912 [http-nio-8080-exec-4] DEBUG o.s.web.servlet.DispatcherServlet - Completed 200 OK
